<?xml version="1.0" encoding="UTF-8"?>
<!-- Generated by org.testng.reporters.JUnitXMLReporter -->
<testsuite ignored="0" hostname="DESKTOP-81ARGGN" failures="0" tests="3" name="Default test" time="12.186" errors="0" timestamp="2021-06-23T20:16:37 IST">
  <testcase classname="com.google.openemrtest.DemoTest" name="validTest" time="4.054"/>
  <testcase classname="com.google.openemrtest.DemoTest" name="validTest" time="0.933"/>
  <testcase classname="com.google.openemrtest.DemoTest" name="validTest" time="0.651"/>
</testsuite> <!-- Default test -->
