<?xml version="1.0" encoding="UTF-8"?>
<testng-results ignored="0" total="3" passed="3" failed="0" skipped="0">
  <reporter-output>
  </reporter-output>
  <suite started-at="2021-06-23T20:10:34 IST" name="Default suite" finished-at="2021-06-23T20:11:33 IST" duration-ms="59605">
    <groups>
    </groups>
    <test started-at="2021-06-23T20:10:34 IST" name="Default test" finished-at="2021-06-23T20:11:33 IST" duration-ms="59605">
      <class name="com.google.openemrtest.DemoTest">
        <test-method signature="validTest(java.lang.String,java.lang.String)[pri:0, instance:com.google.openemrtest.DemoTest@2accdbb5]" started-at="2021-06-23T20:11:06 IST" name="validTest" data-provider="validData" finished-at="2021-06-23T20:11:17 IST" duration-ms="11123" status="PASS">
          <params>
            <param index="0">
              <value>
                <![CDATA[peter]]>
              </value>
            </param>
            <param index="1">
              <value>
                <![CDATA[peter123]]>
              </value>
            </param>
          </params>
          <reporter-output>
          </reporter-output>
        </test-method> <!-- validTest -->
        <test-method signature="validTest(java.lang.String,java.lang.String)[pri:0, instance:com.google.openemrtest.DemoTest@2accdbb5]" started-at="2021-06-23T20:11:17 IST" name="validTest" data-provider="validData" finished-at="2021-06-23T20:11:27 IST" duration-ms="9823" status="PASS">
          <params>
            <param index="0">
              <value>
                <![CDATA[john]]>
              </value>
            </param>
            <param index="1">
              <value>
                <![CDATA[john123]]>
              </value>
            </param>
          </params>
          <reporter-output>
          </reporter-output>
        </test-method> <!-- validTest -->
        <test-method signature="validTest(java.lang.String,java.lang.String)[pri:0, instance:com.google.openemrtest.DemoTest@2accdbb5]" started-at="2021-06-23T20:11:27 IST" name="validTest" data-provider="validData" finished-at="2021-06-23T20:11:33 IST" duration-ms="6452" status="PASS">
          <params>
            <param index="0">
              <value>
                <![CDATA[king]]>
              </value>
            </param>
            <param index="1">
              <value>
                <![CDATA[king123]]>
              </value>
            </param>
          </params>
          <reporter-output>
          </reporter-output>
        </test-method> <!-- validTest -->
      </class> <!-- com.google.openemrtest.DemoTest -->
    </test> <!-- Default test -->
  </suite> <!-- Default suite -->
</testng-results>
