<?xml version="1.0" encoding="UTF-8"?>
<!-- Generated by org.testng.reporters.JUnitXMLReporter -->
<testsuite ignored="0" hostname="DESKTOP-81ARGGN" failures="1" tests="2" name="All Test" time="29.292" errors="0" timestamp="2021-06-23T19:48:40 IST">
  <testcase classname="com.google.openemrtest.MainPageTest" name="newSearchMenuTest" time="6.897"/>
  <testcase classname="com.google.openemrtest.MainPageTest" name="patientsMenuTest" time="6.914">
    <failure type="java.lang.AssertionError" message="expected [Patient Finder1] but found [Patient Finder]">
      <![CDATA[java.lang.AssertionError: expected [Patient Finder1] but found [Patient Finder]
at com.google.openemrtest.MainPageTest.patientsMenuTest(MainPageTest.java:28)
at java.base/java.util.ArrayList.forEach(ArrayList.java:1511)
... Removed 33 stack frames]]>
    </failure>
  </testcase> <!-- patientsMenuTest -->
</testsuite> <!-- All Test -->
